<?xml version="1.0" encoding="UTF-8"?>
<!-- Generated by org.testng.reporters.JUnitReportReporter -->
<testsuite hostname="Akshays-MacBook-Air.local" failures="0" tests="2" name="session29_TestNGAnnotations.TestCase1" time="0.003" errors="0" timestamp="2025-11-27T07:31:05 IST" skipped="0">
  <testcase classname="session29_TestNGAnnotations.TestCase1" name="test2" time="0.001"/>
  <system-out/>
  <testcase classname="session29_TestNGAnnotations.TestCase1" name="test1" time="0.002"/>
  <system-out/>
</testsuite> <!-- session29_TestNGAnnotations.TestCase1 -->
