<?xml version="1.0" encoding="UTF-8"?>
<!-- Generated by org.testng.reporters.JUnitReportReporter -->
<testsuite hostname="192.168.1.5" failures="0" tests="3" name="java_programs.practice.TestAcceModifier2" time="0.006" errors="0" timestamp="2025-11-19T07:02:02 IST" skipped="0">
  <testcase classname="java_programs.practice.TestAcceModifier2" name="TestAcceModifierTest" time="0.001"/>
  <system-out/>
  <testcase classname="java_programs.practice.TestAcceModifier2" name="TestAcceModifierTest" time="0.005"/>
  <system-out/>
  <testcase classname="java_programs.practice.TestAcceModifier2" name="TestAcceModifierTest" time="0.000"/>
  <system-out/>
</testsuite> <!-- java_programs.practice.TestAcceModifier2 -->
