<?xml version="1.0" encoding="UTF-8"?>
<!-- Generated by org.testng.reporters.JUnitReportReporter -->
<testsuite hostname="192.168.1.3" failures="0" tests="2" name="basicJava.tryCatchBlock.MarketPlace2" time="28.733" errors="0" timestamp="2025-12-31T21:16:37 IST" skipped="1">
  <testcase classname="basicJava.tryCatchBlock.MarketPlace2" name="marketPlace2" time="16.894">
    <skipped/>
  </testcase> <!-- marketPlace2 -->
  <system-out/>
  <testcase classname="basicJava.tryCatchBlock.MarketPlace2" name="marketPlace2" time="11.839"/>
  <system-out/>
</testsuite> <!-- basicJava.tryCatchBlock.MarketPlace2 -->
