<?xml version="1.0" encoding="UTF-8"?>
<!-- Generated by org.testng.reporters.JUnitReportReporter -->
<testsuite hostname="Akshays-MacBook-Air.local" failures="0" tests="2" name="session29_TestNGAnnotations.TestCase2" time="0.000" errors="0" timestamp="2025-11-27T07:31:05 IST" skipped="0">
  <testcase classname="session29_TestNGAnnotations.TestCase2" name="test3" time="0.000"/>
  <system-out/>
  <testcase classname="session29_TestNGAnnotations.TestCase2" name="test4" time="0.000"/>
  <system-out/>
</testsuite> <!-- session29_TestNGAnnotations.TestCase2 -->
