<?xml version="1.0" encoding="UTF-8"?>
<!-- Generated by org.testng.reporters.JUnitXMLReporter -->
<testsuite ignored="0" hostname="MAVPUN1121205" failures="0" tests="5" name="Test" time="0.006" errors="0" timestamp="2024-05-25T14:14:43 IST">
  <testcase classname="session35_BatchTesting.BatchTesting" name="LoginByEmail" time="0.0"/>
  <testcase classname="session35_BatchTesting.BatchTesting" name="LoginByMobileNumber" time="0.001"/>
  <testcase classname="session35_BatchTesting.HomeScreenTest" name="LaunchApplication" time="0.001"/>
  <testcase classname="session35_BatchTesting.HomeScreenTest" name="VerifyTitle" time="0.001"/>
  <testcase classname="session35_BatchTesting.HomeScreenTest" name="Verifylogo" time="0.0"/>
</testsuite> <!-- Test -->
