<?xml version="1.0" encoding="UTF-8"?>
<testng-results ignored="0" total="1" passed="1" failed="0" skipped="0">
  <reporter-output>
  </reporter-output>
  <suite started-at="2024-12-07T20:44:37 IST" name="Default suite" finished-at="2024-12-07T20:44:37 IST" duration-ms="384">
    <groups>
    </groups>
    <test started-at="2024-12-07T20:44:37 IST" name="Default test" finished-at="2024-12-07T20:44:37 IST" duration-ms="384">
      <class name="sessionPart3.session20to29.Session22_DemoNestedPayload">
        <test-method signature="createUser()[pri:0, instance:sessionPart3.session20to29.Session22_DemoNestedPayload@6fdbe764]" started-at="2024-12-07T20:44:37 IST" name="createUser" finished-at="2024-12-07T20:44:37 IST" duration-ms="322" status="PASS">
          <reporter-output>
          </reporter-output>
        </test-method> <!-- createUser -->
      </class> <!-- sessionPart3.session20to29.Session22_DemoNestedPayload -->
    </test> <!-- Default test -->
  </suite> <!-- Default suite -->
</testng-results>
