<?xml version="1.0" encoding="UTF-8"?>
<!-- Generated by org.testng.reporters.JUnitXMLReporter -->
<testsuite ignored="0" hostname="MAVPUN1121205" failures="0" tests="4" name="Test" time="0.037" errors="0" timestamp="2024-05-25T11:52:43 IST">
  <testcase classname="session35_BatchTesting.BatchTesting" name="LoginByEmail" time="0.005"/>
  <testcase classname="session35_BatchTesting.BatchTesting" name="LoginByMobileNumber" time="0.002"/>
  <testcase classname="session35_BatchTesting.PaymentTest" name="CashOnDelivery" time="0.001"/>
  <testcase classname="session35_BatchTesting.PaymentTest" name="NetBanking" time="0.002"/>
</testsuite> <!-- Test -->
