<?xml version="1.0" encoding="UTF-8"?>
<testng-results ignored="0" total="1" passed="1" failed="0" skipped="0">
  <reporter-output>
  </reporter-output>
  <suite started-at="2024-11-06T11:39:32 IST" name="Default suite" finished-at="2024-11-06T11:39:34 IST" duration-ms="2299">
    <groups>
    </groups>
    <test started-at="2024-11-06T11:39:32 IST" name="Default test" finished-at="2024-11-06T11:39:34 IST" duration-ms="2299">
      <class name="day3.CookiesDemo">
        <test-method signature="getCookiesInfo()[pri:2, instance:day3.CookiesDemo@d9345cd]" started-at="2024-11-06T11:39:32 IST" name="getCookiesInfo" finished-at="2024-11-06T11:39:34 IST" duration-ms="2248" status="PASS">
          <reporter-output>
          </reporter-output>
        </test-method> <!-- getCookiesInfo -->
      </class> <!-- day3.CookiesDemo -->
    </test> <!-- Default test -->
  </suite> <!-- Default suite -->
</testng-results>
