<?xml version="1.0" encoding="UTF-8"?>
<!-- Generated by org.testng.reporters.JUnitXMLReporter -->
<testsuite ignored="0" hostname="MAVPUN1121205" failures="0" tests="5" name="Test" time="0.046" errors="0" timestamp="2024-05-25T14:14:43 IST">
  <testcase classname="session35_BatchTesting.PaymentTest" name="CashOnDelivery" time="0.005"/>
  <testcase classname="session35_BatchTesting.PaymentTest" name="NetBanking" time="0.001"/>
  <testcase classname="session35_BatchTesting.ProductPageTest" name="AddProductToCart" time="0.001"/>
  <testcase classname="session35_BatchTesting.ProductPageTest" name="AddProductToWishList" time="0.0"/>
  <testcase classname="session35_BatchTesting.ProductPageTest" name="selectQuantity" time="0.001"/>
</testsuite> <!-- Test -->
