<?xml version="1.0" encoding="UTF-8"?>
<!-- Generated by org.testng.reporters.JUnitXMLReporter -->
<testsuite ignored="0" hostname="LTCH-B3J24253GP" failures="1" tests="1" name="Default test(failed)(failed)" time="0.046" errors="0" timestamp="2024-12-09T09:30:41 IST">
  <testcase classname="basicJava.tryCatchBlock.SecondStarPattern" name="tc01" time="0.013">
    <failure type="java.lang.AssertionError" message="expected [true] but found [false]">
        <![CDATA[java.lang.AssertionError: expected [true] but found [false]
at basicJava.tryCatchBlock.SecondStarPattern.tc01(SecondStarPattern.java:13)
at java.base/java.util.ArrayList.forEach(ArrayList.java:1596)
... Removed 29 stack frames]]>
    </failure>
  </testcase> <!-- tc01 -->
</testsuite> <!-- Default test(failed)(failed) -->
