<?xml version="1.0" encoding="UTF-8"?>
<!-- Generated by org.testng.reporters.JUnitXMLReporter -->
<testsuite ignored="0" hostname="MAVPUN1121205" failures="0" tests="5" name="Digital" time="0.05" errors="0" timestamp="2024-05-27T11:32:15 IST">
  <testcase classname="session36_BatchTesting.ProductPageTest" name="AddProductToCart" time="0.007"/>
  <testcase classname="session36_BatchTesting.ProductPageTest" name="AddProductToWishList" time="0.001"/>
  <testcase classname="session36_BatchTesting.ProductPageTest" name="selectQuantity" time="0.001"/>
  <testcase classname="session36_BatchTesting.PaymentTest" name="CashOnDelivery" time="0.001"/>
  <testcase classname="session36_BatchTesting.PaymentTest" name="NetBanking" time="0.0"/>
</testsuite> <!-- Digital -->
