<?xml version="1.0" encoding="UTF-8"?>
<!-- Generated by org.testng.reporters.JUnitXMLReporter -->
<testsuite ignored="0" hostname="MAVPUN1121205" failures="0" tests="5" name="sanityTest" time="0.067" errors="0" timestamp="2024-05-25T11:34:15 IST">
  <testcase classname="session36_BatchTesting.BatchTesting" name="LoginByEmail" time="0.009"/>
  <testcase classname="session36_BatchTesting.BatchTesting" name="LoginByMobileNumber" time="0.001"/>
  <testcase classname="session36_BatchTesting.HomeScreenTest" name="LaunchApplication" time="0.001"/>
  <testcase classname="session36_BatchTesting.HomeScreenTest" name="VerifyTitle" time="0.001"/>
  <testcase classname="session36_BatchTesting.HomeScreenTest" name="Verifylogo" time="0.001"/>
</testsuite> <!-- sanityTest -->
