<?xml version="1.0" encoding="UTF-8"?>
<!-- Generated by org.testng.reporters.JUnitXMLReporter -->
<testsuite ignored="0" hostname="192.168.1.3" failures="2" tests="3" name="TestNG" time="0.016" errors="0" timestamp="2025-11-12T13:03:06 IST">
  <testcase classname="session41_RetryFailedTestCases.TestCasesExample" name="tc01" time="0.004">
    <failure type="java.lang.AssertionError" message="expected [true] but found [false]">
      <![CDATA[java.lang.AssertionError: expected [true] but found [false]
at session41_RetryFailedTestCases.TestCasesExample.tc01(TestCasesExample.java:10)
at java.base/java.util.ArrayList.forEach(ArrayList.java:1596)
... Removed 29 stack frames]]>
    </failure>
  </testcase> <!-- tc01 -->
  <testcase classname="session41_RetryFailedTestCases.TestCasesExample" name="tc02" time="0.001">
    <failure type="java.lang.AssertionError" message="expected [true] but found [false]">
      <![CDATA[java.lang.AssertionError: expected [true] but found [false]
at session41_RetryFailedTestCases.TestCasesExample.tc02(TestCasesExample.java:15)
at java.base/java.util.ArrayList.forEach(ArrayList.java:1596)
... Removed 29 stack frames]]>
    </failure>
  </testcase> <!-- tc02 -->
  <testcase classname="session41_RetryFailedTestCases.TestCasesExample" name="tc03" time="0.0"/>
</testsuite> <!-- TestNG -->
