<?xml version="1.0" encoding="UTF-8"?>
<!-- Generated by org.testng.reporters.JUnitXMLReporter -->
<testsuite ignored="0" hostname="LTCH-B3J24253GP" failures="0" tests="4" name="Test" time="0.074" errors="0" timestamp="2024-12-07T11:40:20 IST">
  <testcase classname="session29_TestNGAnnotations.TestCase1" name="test1" time="0.011"/>
  <testcase classname="session29_TestNGAnnotations.TestCase1" name="test2" time="0.003"/>
  <testcase classname="session29_TestNGAnnotations.TestCase2" name="test3" time="0.002"/>
  <testcase classname="session29_TestNGAnnotations.TestCase2" name="test4" time="0.002"/>
</testsuite> <!-- Test -->
