<?xml version="1.0" encoding="UTF-8"?>
<!-- Generated by org.testng.reporters.JUnitXMLReporter -->
<testsuite ignored="0" hostname="192.168.1.3" failures="0" tests="4" name="Marketplace Parallel Classes" time="3.603" errors="0" timestamp="2026-01-02T16:44:31 IST">
  <testcase classname="java_programs.practice.FrameWork" name="marketPlace" time="0.005">
    <skipped/>
  </testcase> <!-- marketPlace -->
  <testcase classname="java_programs.practice.FrameWork" name="webTableValidation" time="0.006">
    <skipped/>
  </testcase> <!-- webTableValidation -->
  <testcase classname="java_programs.practice.FrameWork" name="marketPlace" time="0.001">
    <skipped/>
  </testcase> <!-- marketPlace -->
  <testcase classname="java_programs.practice.FrameWork" name="webTableValidation" time="0.001">
    <skipped/>
  </testcase> <!-- webTableValidation -->
</testsuite> <!-- Marketplace Parallel Classes -->
